Linking to GEOS 3.9.1, GDAL 3.3.3, PROJ 6.3.2
Loading required package: sp
rgdal: version: 1.5-19, (SVN revision 1092)
Geospatial Data Abstraction Library extensions to R successfully loaded
Loaded GDAL runtime: GDAL 3.3.3, released 2021/10/25
Path to GDAL shared files: /home/spack/opt/spack/linux-centos7-skylake/gcc-9.4.0/gdal-3.3.3-sxl6thezdwh36xnoz25sjtdmukitdrhp/share/gdal
GDAL binary built with GEOS: FALSE 
Loaded PROJ runtime: Rel. 8.1.0, July 1st, 2021, [PJ_VERSION: 810]
Path to PROJ shared files: /home/spack/opt/spack/linux-centos7-skylake/gcc-9.4.0/proj-6.3.2-fgcxzcyyrounsx2q42zbetvpwpn4u22c/share/proj
PROJ CDN enabled: FALSE
Linking to sp version:1.4-5
To mute warnings of possible GDAL/OSR exportToProj4() degradation,
use options("rgdal_show_exportToProj4_warnings"="none") before loading rgdal.

Attaching package: ‘plyr’

The following object is masked from ‘package:matrixStats’:

    count


Attaching package: ‘dplyr’

The following objects are masked from ‘package:plyr’:

    arrange, count, desc, failwith, id, mutate, rename, summarise,
    summarize

The following object is masked from ‘package:matrixStats’:

    count

The following objects are masked from ‘package:raster’:

    intersect, select, union

The following objects are masked from ‘package:stats’:

    filter, lag

The following objects are masked from ‘package:base’:

    intersect, setdiff, setequal, union

Linking to liblwgeom 3.0.0beta1 r16016, GEOS 3.9.1, PROJ 6.3.2
proj_as_proj_string: /home/spack/opt/spack/linux-centos7-skylake/gcc-9.4.0/proj-6.3.2-fgcxzcyyrounsx2q42zbetvpwpn4u22c/share/proj/proj.db lacks DATABASE.LAYOUT.VERSION.MAJOR / DATABASE.LAYOUT.VERSION.MINOR metadata. It comes from another PROJ installation.
proj_as_wkt: /home/spack/opt/spack/linux-centos7-skylake/gcc-9.4.0/proj-6.3.2-fgcxzcyyrounsx2q42zbetvpwpn4u22c/share/proj/proj.db lacks DATABASE.LAYOUT.VERSION.MAJOR / DATABASE.LAYOUT.VERSION.MINOR metadata. It comes from another PROJ installation.
proj_create: /home/spack/opt/spack/linux-centos7-skylake/gcc-9.4.0/proj-6.3.2-fgcxzcyyrounsx2q42zbetvpwpn4u22c/share/proj/proj.db lacks DATABASE.LAYOUT.VERSION.MAJOR / DATABASE.LAYOUT.VERSION.MINOR metadata. It comes from another PROJ installation.
proj_as_wkt: /home/spack/opt/spack/linux-centos7-skylake/gcc-9.4.0/proj-6.3.2-fgcxzcyyrounsx2q42zbetvpwpn4u22c/share/proj/proj.db lacks DATABASE.LAYOUT.VERSION.MAJOR / DATABASE.LAYOUT.VERSION.MINOR metadata. It comes from another PROJ installation.
although coordinates are longitude/latitude, st_intersection assumes that they are planar
although coordinates are longitude/latitude, st_covered_by assumes that they are planar
proj_as_proj_string: /home/spack/opt/spack/linux-centos7-skylake/gcc-9.4.0/proj-6.3.2-fgcxzcyyrounsx2q42zbetvpwpn4u22c/share/proj/proj.db lacks DATABASE.LAYOUT.VERSION.MAJOR / DATABASE.LAYOUT.VERSION.MINOR metadata. It comes from another PROJ installation.
proj_as_wkt: /home/spack/opt/spack/linux-centos7-skylake/gcc-9.4.0/proj-6.3.2-fgcxzcyyrounsx2q42zbetvpwpn4u22c/share/proj/proj.db lacks DATABASE.LAYOUT.VERSION.MAJOR / DATABASE.LAYOUT.VERSION.MINOR metadata. It comes from another PROJ installation.
proj_create: /home/spack/opt/spack/linux-centos7-skylake/gcc-9.4.0/proj-6.3.2-fgcxzcyyrounsx2q42zbetvpwpn4u22c/share/proj/proj.db lacks DATABASE.LAYOUT.VERSION.MAJOR / DATABASE.LAYOUT.VERSION.MINOR metadata. It comes from another PROJ installation.
proj_as_wkt: /home/spack/opt/spack/linux-centos7-skylake/gcc-9.4.0/proj-6.3.2-fgcxzcyyrounsx2q42zbetvpwpn4u22c/share/proj/proj.db lacks DATABASE.LAYOUT.VERSION.MAJOR / DATABASE.LAYOUT.VERSION.MINOR metadata. It comes from another PROJ installation.
proj_as_proj_string: /home/spack/opt/spack/linux-centos7-skylake/gcc-9.4.0/proj-6.3.2-fgcxzcyyrounsx2q42zbetvpwpn4u22c/share/proj/proj.db lacks DATABASE.LAYOUT.VERSION.MAJOR / DATABASE.LAYOUT.VERSION.MINOR metadata. It comes from another PROJ installation.
proj_as_wkt: /home/spack/opt/spack/linux-centos7-skylake/gcc-9.4.0/proj-6.3.2-fgcxzcyyrounsx2q42zbetvpwpn4u22c/share/proj/proj.db lacks DATABASE.LAYOUT.VERSION.MAJOR / DATABASE.LAYOUT.VERSION.MINOR metadata. It comes from another PROJ installation.
proj_create: /home/spack/opt/spack/linux-centos7-skylake/gcc-9.4.0/proj-6.3.2-fgcxzcyyrounsx2q42zbetvpwpn4u22c/share/proj/proj.db lacks DATABASE.LAYOUT.VERSION.MAJOR / DATABASE.LAYOUT.VERSION.MINOR metadata. It comes from another PROJ installation.
proj_as_wkt: /home/spack/opt/spack/linux-centos7-skylake/gcc-9.4.0/proj-6.3.2-fgcxzcyyrounsx2q42zbetvpwpn4u22c/share/proj/proj.db lacks DATABASE.LAYOUT.VERSION.MAJOR / DATABASE.LAYOUT.VERSION.MINOR metadata. It comes from another PROJ installation.
proj_create: /home/spack/opt/spack/linux-centos7-skylake/gcc-9.4.0/proj-6.3.2-fgcxzcyyrounsx2q42zbetvpwpn4u22c/share/proj/proj.db lacks DATABASE.LAYOUT.VERSION.MAJOR / DATABASE.LAYOUT.VERSION.MINOR metadata. It comes from another PROJ installation.
proj_as_proj_string: /home/spack/opt/spack/linux-centos7-skylake/gcc-9.4.0/proj-6.3.2-fgcxzcyyrounsx2q42zbetvpwpn4u22c/share/proj/proj.db lacks DATABASE.LAYOUT.VERSION.MAJOR / DATABASE.LAYOUT.VERSION.MINOR metadata. It comes from another PROJ installation.
proj_create: /home/spack/opt/spack/linux-centos7-skylake/gcc-9.4.0/proj-6.3.2-fgcxzcyyrounsx2q42zbetvpwpn4u22c/share/proj/proj.db lacks DATABASE.LAYOUT.VERSION.MAJOR / DATABASE.LAYOUT.VERSION.MINOR metadata. It comes from another PROJ installation.
proj_as_wkt: /home/spack/opt/spack/linux-centos7-skylake/gcc-9.4.0/proj-6.3.2-fgcxzcyyrounsx2q42zbetvpwpn4u22c/share/proj/proj.db lacks DATABASE.LAYOUT.VERSION.MAJOR / DATABASE.LAYOUT.VERSION.MINOR metadata. It comes from another PROJ installation.
proj_create: /home/spack/opt/spack/linux-centos7-skylake/gcc-9.4.0/proj-6.3.2-fgcxzcyyrounsx2q42zbetvpwpn4u22c/share/proj/proj.db lacks DATABASE.LAYOUT.VERSION.MAJOR / DATABASE.LAYOUT.VERSION.MINOR metadata. It comes from another PROJ installation.
proj_as_wkt: /home/spack/opt/spack/linux-centos7-skylake/gcc-9.4.0/proj-6.3.2-fgcxzcyyrounsx2q42zbetvpwpn4u22c/share/proj/proj.db lacks DATABASE.LAYOUT.VERSION.MAJOR / DATABASE.LAYOUT.VERSION.MINOR metadata. It comes from another PROJ installation.
proj_as_proj_string: /home/spack/opt/spack/linux-centos7-skylake/gcc-9.4.0/proj-6.3.2-fgcxzcyyrounsx2q42zbetvpwpn4u22c/share/proj/proj.db lacks DATABASE.LAYOUT.VERSION.MAJOR / DATABASE.LAYOUT.VERSION.MINOR metadata. It comes from another PROJ installation.
proj_as_wkt: /home/spack/opt/spack/linux-centos7-skylake/gcc-9.4.0/proj-6.3.2-fgcxzcyyrounsx2q42zbetvpwpn4u22c/share/proj/proj.db lacks DATABASE.LAYOUT.VERSION.MAJOR / DATABASE.LAYOUT.VERSION.MINOR metadata. It comes from another PROJ installation.
proj_create: /home/spack/opt/spack/linux-centos7-skylake/gcc-9.4.0/proj-6.3.2-fgcxzcyyrounsx2q42zbetvpwpn4u22c/share/proj/proj.db lacks DATABASE.LAYOUT.VERSION.MAJOR / DATABASE.LAYOUT.VERSION.MINOR metadata. It comes from another PROJ installation.
proj_as_wkt: /home/spack/opt/spack/linux-centos7-skylake/gcc-9.4.0/proj-6.3.2-fgcxzcyyrounsx2q42zbetvpwpn4u22c/share/proj/proj.db lacks DATABASE.LAYOUT.VERSION.MAJOR / DATABASE.LAYOUT.VERSION.MINOR metadata. It comes from another PROJ installation.
